<?xml version="1.0" encoding="UTF-8"?>
<!-- Generated by org.testng.reporters.JUnitXMLReporter -->
<testsuite hostname="Rafia" ignored="1" name="Test(failed)" tests="1" failures="1" timestamp="07 Apr 2023 13:30:55 GMT" time="0.055" errors="0">
  <testcase name="failing" time="0.036" classname="com.project.extra.LogoutTest">
    <failure type="java.lang.AssertionError" message="deliverately failing">
      <![CDATA[java.lang.AssertionError: deliverately failing
at com.project.extra.LogoutTest.failing(LogoutTest.java:16)
... Removed 30 stack frames]]>
    </failure>
  </testcase> <!-- failing -->
  <testcase name="logoutUser" time="0.0" classname="com.project.extra.LogoutTest">
    <ignored/>
  </testcase> <!-- logoutUser -->
</testsuite> <!-- Test(failed) -->
