<?xml version="1.0" encoding="UTF-8"?>
<!-- Generated by org.testng.reporters.JUnitXMLReporter -->
<testsuite ignored="0" hostname="Rafia" failures="0" tests="4" name="Test" time="0.075" errors="0" timestamp="2023-04-06T07:02:03 EDT">
  <testcase classname="com.project.extra.RegisterTest" name="registerUser" time="0.009"/>
  <testcase classname="com.project.extra.LoginTest" name="loginUser" time="0.001"/>
  <testcase classname="com.project.extra.SearchProductTest" name="searchProductUser" time="0.001"/>
  <testcase classname="com.project.extra.LogoutTest" name="logoutUser" time="0.001"/>
</testsuite> <!-- Test -->
