<?xml version="1.0" encoding="UTF-8"?>
<!-- Generated by org.testng.reporters.JUnitXMLReporter -->
<testsuite hostname="Rafia" ignored="1" name="Test" tests="4" failures="0" timestamp="07 Apr 2023 13:42:18 GMT" time="0.023" errors="0">
  <testcase name="registerUser" time="0.005" classname="com.project.extra.RegisterTest"/>
  <testcase name="loginUser" time="0.001" classname="com.project.extra.LoginTest"/>
  <testcase name="searchProductUser" time="0.0" classname="com.project.extra.SearchProductTest"/>
  <testcase name="logoutUser" time="0.0" classname="com.project.extra.LogoutTest"/>
  <testcase name="failing" time="0.0" classname="com.project.extra.LogoutTest">
    <ignored/>
  </testcase> <!-- failing -->
</testsuite> <!-- Test -->
